<html>
<body>
<pre>
<h1>Vision Build Log</h1>
<h2>Tool Versions:</h2>
IDE-Version: μVision V5.38.0.0
Copyright (C) 2022 ARM Ltd and ARM Germany GmbH. All rights reserved.
License Information: 1 user, 1, LIC=NQYH9-4C71J-NS3YR-K8DRN-SQ46T-UQ03X
 
Tool Versions:
Toolchain:       PK251 Prof. Developers Kit  Version: 5.60.0.0
Toolchain Path:  F:\keil\C251\BIN
C Compiler:      C251.exe V5.60.0.0
Assembler:       A251.exe V4.69.13.0
Linker/Locator:  L251.exe V4.66.93.0
Library Manager: LIB251.exe V4.30.1.0
Hex Converter:   OH251.exe V1.47.0.0
CPU DLL:         S251.DLL V3.129.0.0
Dialog DLL:      DCORE51.DLL V2.81.6.0
Target DLL:      MON251.DLL V2.51.0.0
Dialog DLL:      TCORE51.DLL V2.66.4.0
 
<h2>Project:</h2>
D:\stc32开源pwm、adc计划\开源第二版\源代码\3-OLED Display Demo - 副本\MDK\SEEKFREE.uvproj
Project File Date:  09/23/2023

<h2>Output:</h2>
Build target 'STC32G12K128'
compiling board.c...
..\..\Libraries\libraries\board.c(1): error C318: can't open file '..\..\Libraries\libraries\board.c'
..\..\Libraries\libraries\board.c(1): warning C500: LICENSE ERROR (R207(3): REGISTRY READ ERROR)
compiling common.c...
..\..\Libraries\libraries\common.c(1): error C318: can't open file '..\..\Libraries\libraries\common.c'
..\..\Libraries\libraries\common.c(1): warning C500: LICENSE ERROR (R207(3): REGISTRY READ ERROR)
compiling zf_adc.c...
..\..\Libraries\seekfree_libraries\zf_adc.c(1): error C318: can't open file '..\..\Libraries\seekfree_libraries\zf_adc.c'
..\..\Libraries\seekfree_libraries\zf_adc.c(1): warning C500: LICENSE ERROR (R207(3): REGISTRY READ ERROR)
compiling zf_delay.c...
..\..\Libraries\seekfree_libraries\zf_delay.c(1): error C318: can't open file '..\..\Libraries\seekfree_libraries\zf_delay.c'
..\..\Libraries\seekfree_libraries\zf_delay.c(1): warning C500: LICENSE ERROR (R207(3): REGISTRY READ ERROR)
compiling zf_eeprom.c...
..\..\Libraries\seekfree_libraries\zf_eeprom.c(1): error C318: can't open file '..\..\Libraries\seekfree_libraries\zf_eeprom.c'
..\..\Libraries\seekfree_libraries\zf_eeprom.c(1): warning C500: LICENSE ERROR (R207(3): REGISTRY READ ERROR)
compiling zf_exti.c...
..\..\Libraries\seekfree_libraries\zf_exti.c(1): error C318: can't open file '..\..\Libraries\seekfree_libraries\zf_exti.c'
..\..\Libraries\seekfree_libraries\zf_exti.c(1): warning C500: LICENSE ERROR (R207(3): REGISTRY READ ERROR)
compiling zf_gpio.c...
..\..\Libraries\seekfree_libraries\zf_gpio.c(1): error C318: can't open file '..\..\Libraries\seekfree_libraries\zf_gpio.c'
..\..\Libraries\seekfree_libraries\zf_gpio.c(1): warning C500: LICENSE ERROR (R207(3): REGISTRY READ ERROR)
compiling zf_iic.c...
..\..\Libraries\seekfree_libraries\zf_iic.c(1): error C318: can't open file '..\..\Libraries\seekfree_libraries\zf_iic.c'
..\..\Libraries\seekfree_libraries\zf_iic.c(1): warning C500: LICENSE ERROR (R207(3): REGISTRY READ ERROR)
compiling zf_nvic.c...
..\..\Libraries\seekfree_libraries\zf_nvic.c(1): error C318: can't open file '..\..\Libraries\seekfree_libraries\zf_nvic.c'
..\..\Libraries\seekfree_libraries\zf_nvic.c(1): warning C500: LICENSE ERROR (R207(3): REGISTRY READ ERROR)
compiling zf_pwm.c...
..\..\Libraries\seekfree_libraries\zf_pwm.c(1): error C318: can't open file '..\..\Libraries\seekfree_libraries\zf_pwm.c'
..\..\Libraries\seekfree_libraries\zf_pwm.c(1): warning C500: LICENSE ERROR (R207(3): REGISTRY READ ERROR)
compiling zf_spi.c...
..\..\Libraries\seekfree_libraries\zf_spi.c(1): error C318: can't open file '..\..\Libraries\seekfree_libraries\zf_spi.c'
..\..\Libraries\seekfree_libraries\zf_spi.c(1): warning C500: LICENSE ERROR (R207(3): REGISTRY READ ERROR)
compiling zf_tim.c...
..\..\Libraries\seekfree_libraries\zf_tim.c(1): error C318: can't open file '..\..\Libraries\seekfree_libraries\zf_tim.c'
..\..\Libraries\seekfree_libraries\zf_tim.c(1): warning C500: LICENSE ERROR (R207(3): REGISTRY READ ERROR)
compiling zf_uart.c...
..\..\Libraries\seekfree_libraries\zf_uart.c(1): error C318: can't open file '..\..\Libraries\seekfree_libraries\zf_uart.c'
..\..\Libraries\seekfree_libraries\zf_uart.c(1): warning C500: LICENSE ERROR (R207(3): REGISTRY READ ERROR)
compiling zf_fifo.c...
..\..\Libraries\seekfree_libraries\zf_fifo.c(1): error C318: can't open file '..\..\Libraries\seekfree_libraries\zf_fifo.c'
..\..\Libraries\seekfree_libraries\zf_fifo.c(1): warning C500: LICENSE ERROR (R207(3): REGISTRY READ ERROR)
compiling SEEKFREE_18TFT.c...
..\..\Libraries\seekfree_peripheral\SEEKFREE_18TFT.c(1): error C318: can't open file '..\..\Libraries\seekfree_peripheral\SEEKFREE_18TFT.c'
..\..\Libraries\seekfree_peripheral\SEEKFREE_18TFT.c(1): warning C500: LICENSE ERROR (R207(3): REGISTRY READ ERROR)
compiling SEEKFREE_ABSOLUTE_ENCODER.c...
..\..\Libraries\seekfree_peripheral\SEEKFREE_ABSOLUTE_ENCODER.c(1): error C318: can't open file '..\..\Libraries\seekfree_peripheral\SEEKFREE_ABSOLUTE_ENCODER.c'
..\..\Libraries\seekfree_peripheral\SEEKFREE_ABSOLUTE_ENCODER.c(1): warning C500: LICENSE ERROR (R207(3): REGISTRY READ ERROR)
compiling SEEKFREE_AT24C02.c...
..\..\Libraries\seekfree_peripheral\SEEKFREE_AT24C02.c(1): error C318: can't open file '..\..\Libraries\seekfree_peripheral\SEEKFREE_AT24C02.c'
..\..\Libraries\seekfree_peripheral\SEEKFREE_AT24C02.c(1): warning C500: LICENSE ERROR (R207(3): REGISTRY READ ERROR)
compiling SEEKFREE_BLUETOOTH_CH9141.c...
..\..\Libraries\seekfree_peripheral\SEEKFREE_BLUETOOTH_CH9141.c(1): error C318: can't open file '..\..\Libraries\seekfree_peripheral\SEEKFREE_BLUETOOTH_CH9141.c'
..\..\Libraries\seekfree_peripheral\SEEKFREE_BLUETOOTH_CH9141.c(1): warning C500: LICENSE ERROR (R207(3): REGISTRY READ ERROR)
compiling SEEKFREE_DL1A.c...
..\..\Libraries\seekfree_peripheral\SEEKFREE_DL1A.c(1): error C318: can't open file '..\..\Libraries\seekfree_peripheral\SEEKFREE_DL1A.c'
..\..\Libraries\seekfree_peripheral\SEEKFREE_DL1A.c(1): warning C500: LICENSE ERROR (R207(3): REGISTRY READ ERROR)
compiling SEEKFREE_FONT.c...
..\..\Libraries\seekfree_peripheral\SEEKFREE_FONT.c(1): error C318: can't open file '..\..\Libraries\seekfree_peripheral\SEEKFREE_FONT.c'
..\..\Libraries\seekfree_peripheral\SEEKFREE_FONT.c(1): warning C500: LICENSE ERROR (R207(3): REGISTRY READ ERROR)
compiling SEEKFREE_ICM20602.c...
..\..\Libraries\seekfree_peripheral\SEEKFREE_ICM20602.c(1): error C318: can't open file '..\..\Libraries\seekfree_peripheral\SEEKFREE_ICM20602.c'
..\..\Libraries\seekfree_peripheral\SEEKFREE_ICM20602.c(1): warning C500: LICENSE ERROR (R207(3): REGISTRY READ ERROR)
compiling SEEKFREE_IMU660RA.c...
..\..\Libraries\seekfree_peripheral\SEEKFREE_IMU660RA.c(1): error C318: can't open file '..\..\Libraries\seekfree_peripheral\SEEKFREE_IMU660RA.c'
..\..\Libraries\seekfree_peripheral\SEEKFREE_IMU660RA.c(1): warning C500: LICENSE ERROR (R207(3): REGISTRY READ ERROR)
compiling SEEKFREE_IMU963RA.c...
..\..\Libraries\seekfree_peripheral\SEEKFREE_IMU963RA.c(1): error C318: can't open file '..\..\Libraries\seekfree_peripheral\SEEKFREE_IMU963RA.c'
..\..\Libraries\seekfree_peripheral\SEEKFREE_IMU963RA.c(1): warning C500: LICENSE ERROR (R207(3): REGISTRY READ ERROR)
compiling SEEKFREE_IPS114_SPI.c...
..\..\Libraries\seekfree_peripheral\SEEKFREE_IPS114_SPI.c(1): error C318: can't open file '..\..\Libraries\seekfree_peripheral\SEEKFREE_IPS114_SPI.c'
..\..\Libraries\seekfree_peripheral\SEEKFREE_IPS114_SPI.c(1): warning C500: LICENSE ERROR (R207(3): REGISTRY READ ERROR)
compiling SEEKFREE_MPU6050.c...
..\..\Libraries\seekfree_peripheral\SEEKFREE_MPU6050.c(1): error C318: can't open file '..\..\Libraries\seekfree_peripheral\SEEKFREE_MPU6050.c'
..\..\Libraries\seekfree_peripheral\SEEKFREE_MPU6050.c(1): warning C500: LICENSE ERROR (R207(3): REGISTRY READ ERROR)
compiling SEEKFREE_OLED.c...
..\..\Libraries\seekfree_peripheral\SEEKFREE_OLED.c(1): error C318: can't open file '..\..\Libraries\seekfree_peripheral\SEEKFREE_OLED.c'
..\..\Libraries\seekfree_peripheral\SEEKFREE_OLED.c(1): warning C500: LICENSE ERROR (R207(3): REGISTRY READ ERROR)
compiling SEEKFREE_PRINTF.c...
..\..\Libraries\seekfree_peripheral\SEEKFREE_PRINTF.c(1): error C318: can't open file '..\..\Libraries\seekfree_peripheral\SEEKFREE_PRINTF.c'
..\..\Libraries\seekfree_peripheral\SEEKFREE_PRINTF.c(1): warning C500: LICENSE ERROR (R207(3): REGISTRY READ ERROR)
compiling SEEKFREE_TSL1401.c...
..\..\Libraries\seekfree_peripheral\SEEKFREE_TSL1401.c(1): error C318: can't open file '..\..\Libraries\seekfree_peripheral\SEEKFREE_TSL1401.c'
..\..\Libraries\seekfree_peripheral\SEEKFREE_TSL1401.c(1): warning C500: LICENSE ERROR (R207(3): REGISTRY READ ERROR)
compiling SEEKFREE_VIRSCO.c...
..\..\Libraries\seekfree_peripheral\SEEKFREE_VIRSCO.c(1): error C318: can't open file '..\..\Libraries\seekfree_peripheral\SEEKFREE_VIRSCO.c'
..\..\Libraries\seekfree_peripheral\SEEKFREE_VIRSCO.c(1): warning C500: LICENSE ERROR (R207(3): REGISTRY READ ERROR)
compiling SEEKFREE_WIRELESS.c...
..\..\Libraries\seekfree_peripheral\SEEKFREE_WIRELESS.c(1): error C318: can't open file '..\..\Libraries\seekfree_peripheral\SEEKFREE_WIRELESS.c'
..\..\Libraries\seekfree_peripheral\SEEKFREE_WIRELESS.c(1): warning C500: LICENSE ERROR (R207(3): REGISTRY READ ERROR)
compiling SEEKFREE_WIRELESS_CH573.c...
..\..\Libraries\seekfree_peripheral\SEEKFREE_WIRELESS_CH573.c(1): error C318: can't open file '..\..\Libraries\seekfree_peripheral\SEEKFREE_WIRELESS_CH573.c'
..\..\Libraries\seekfree_peripheral\SEEKFREE_WIRELESS_CH573.c(1): warning C500: LICENSE ERROR (R207(3): REGISTRY READ ERROR)
compiling isr.c...
..\USER\src\isr.c(1): warning C500: LICENSE ERROR (R207(3): REGISTRY READ ERROR)
..\USER\src\isr.c(19): error C318: can't open file 'headfile.h'
..\USER\src\isr.c(24): error C67: 'uint8': undefined identifier
..\USER\src\isr.c(24): error C25: syntax error near 'res'
..\USER\src\isr.c(24): warning C34: 'res': missing declaration specifiers
..\USER\src\isr.c(25): warning C34: 'dwon_count': missing declaration specifiers
..\USER\src\isr.c(25): error C42: 'dwon_count': not in formal parameter list
..\USER\src\isr.c(26): error C25: syntax error near 'if'
..\USER\src\isr.c(27): error C103: 'UART1_GET_TX_FLAG': illegal function definition (missing ';' ?)
compiling main.c...
..\USER\src\main.c(1): warning C500: LICENSE ERROR (R207(3): REGISTRY READ ERROR)
..\USER\src\main.c(19): error C318: can't open file 'headfile.h'
..\USER\src\main.c(34): warning C140: 'board_init' undefined; assuming 'extern int board_init()'
..\USER\src\main.c(36): error C67: 'TIM_4': undefined identifier
..\USER\src\main.c(36): warning C140: 'pit_timer_ms' undefined; assuming 'extern int pit_timer_ms()'
..\USER\src\main.c(37): warning C140: 'OLED_Init' undefined; assuming 'extern int OLED_Init()'
..\USER\src\main.c(38): warning C140: 'OLED_ColorTurn' undefined; assuming 'extern int OLED_ColorTurn()'
..\USER\src\main.c(38): warning C95: 'OLED_ColorTurn': too many actual parameters
..\USER\src\main.c(39): warning C140: 'OLED_DisplayTurn' undefined; assuming 'extern int OLED_DisplayTurn()'
..\USER\src\main.c(39): warning C95: 'OLED_DisplayTurn': too many actual parameters
..\USER\src\main.c(40): error C67: 'ADC_P00': undefined identifier
..\USER\src\main.c(40): error C67: 'ADC_SYSclk_DIV_32': undefined identifier
..\USER\src\main.c(40): warning C140: 'adc_init' undefined; assuming 'extern int adc_init()'
..\USER\src\main.c(41): error C67: 'ADC_P01': undefined identifier
..\USER\src\main.c(41): error C67: 'ADC_SYSclk_DIV_32': undefined identifier
..\USER\src\main.c(42): error C67: 'PWMA_CH3P_P24': undefined identifier
..\USER\src\main.c(42): warning C140: 'pwm_init' undefined; assuming 'extern int pwm_init()'
..\USER\src\main.c(43): error C67: 'PWMB_CH2_P21': undefined identifier
..\USER\src\main.c(44): error C67: 'PWMB_CH1_P20': undefined identifier
..\USER\src\main.c(45): error C67: 'PWMA_CH4P_P34': undefined identifier
..\USER\src\main.c(50): warning C140: 'windows_start' undefined; assuming 'extern int windows_start()'
..\USER\src\main.c(57): warning C140: 'key_work' undefined; assuming 'extern int key_work()'
compiling oled.c...
..\USER\src\oled.c(1): warning C500: LICENSE ERROR (R207(3): REGISTRY READ ERROR)
..\USER\inc\oled.h(5): error C318: can't open file 'headfile.h'
..\USER\inc\oled.h(28): error C25: syntax error near 'x'
..\USER\inc\oled.h(29): error C25: syntax error near 'i'
..\USER\inc\oled.h(30): error C25: syntax error near 'i'
..\USER\inc\oled.h(34): error C25: syntax error near 'dat'
..\USER\inc\oled.h(35): error C25: syntax error near 'dat'
..\USER\inc\oled.h(39): error C25: syntax error near 'CLEAR_COLOR'
..\USER\inc\oled.h(40): error C25: syntax error near 'x'
..\USER\inc\oled.h(41): error C25: syntax error near 'x1'
..\USER\inc\oled.h(42): error C25: syntax error near 'x'
..\USER\inc\oled.h(43): error C25: syntax error near 'x'
..\USER\inc\oled.h(44): error C25: syntax error near 'x'
..\USER\inc\oled.h(44): error C7: compilation aborted
compiling key.c...
..\USER\src\key.c(1): warning C500: LICENSE ERROR (R207(3): REGISTRY READ ERROR)
..\USER\inc\key.h(1): error C318: can't open file 'headfile.h'
..\USER\src\key.c(11): error C142: illegal initialization
..\USER\src\key.c(11): error C142: illegal initialization
..\USER\src\key.c(11): error C142: illegal initialization
..\USER\src\key.c(11): error C142: illegal initialization
..\USER\src\key.c(11): error C142: illegal initialization
..\USER\src\key.c(12): error C142: illegal initialization
..\USER\src\key.c(13): error C142: illegal initialization
..\USER\src\key.c(14): warning C34: 'int32': missing declaration specifiers
..\USER\src\key.c(14): error C42: 'int32': not in formal parameter list
..\USER\src\key.c(14): error C25: syntax error near 'key_push'
..\USER\src\key.c(14): error C142: illegal initialization
..\USER\src\key.c(15): warning C34: 'uint32': missing declaration specifiers
..\USER\src\key.c(15): error C42: 'uint32': not in formal parameter list
..\USER\src\key.c(15): error C25: syntax error near 'key_push_time_a'
..\USER\src\key.c(15): error C142: illegal initialization
..\USER\src\key.c(15): error C142: illegal initialization
..\USER\src\key.c(15): error C142: illegal initialization
..\USER\src\key.c(17): error C29: formal/parameter has illegal storage class
..\USER\src\key.c(17): error C33: 'uint8': invalid storage class
..\USER\src\key.c(17): error C25: syntax error near 'windows'
..\USER\src\key.c(17): error C33: 'windows': invalid storage class
..\USER\src\key.c(17): error C33: 'pwm_set_data': invalid storage class
..\USER\src\key.c(20): error C42: 'key_scan': not in formal parameter list
..\USER\src\key.c(20): error C25: syntax error near '{'
..\USER\src\key.c(82): error C7: compilation aborted
compiling windows.c...
..\USER\src\windows.c(1): warning C500: LICENSE ERROR (R207(3): REGISTRY READ ERROR)
..\USER\inc\windows.h(1): error C318: can't open file 'headfile.h'
..\USER\src\windows.c(3): error C142: illegal initialization
..\USER\src\windows.c(3): error C142: illegal initialization
..\USER\src\windows.c(4): error C29: formal/parameter has illegal storage class
..\USER\src\windows.c(4): error C33: 'uint8': invalid storage class
..\USER\src\windows.c(4): error C25: syntax error near 'windows_num'
..\USER\src\windows.c(4): error C33: 'windows_num': invalid storage class
..\USER\src\windows.c(4): error C33: 'pwm_set_flag': invalid storage class
..\USER\src\windows.c(5): error C29: formal/parameter has illegal storage class
..\USER\src\windows.c(5): error C33: 'int32': invalid storage class
..\USER\src\windows.c(5): error C25: syntax error near 'key_push'
..\USER\src\windows.c(5): error C33: 'key_push': invalid storage class
..\USER\src\windows.c(6): error C29: formal/parameter has illegal storage class
..\USER\src\windows.c(6): error C33: 'uint16': invalid storage class
..\USER\src\windows.c(6): error C25: syntax error near 'duty'
..\USER\src\windows.c(6): error C33: 'duty': invalid storage class
..\USER\src\windows.c(6): error C33: 'hz': invalid storage class
..\USER\src\windows.c(7): error C29: formal/parameter has illegal storage class
..\USER\src\windows.c(7): error C33: 'adc1': invalid storage class
..\USER\src\windows.c(7): error C33: 'adc2': invalid storage class
..\USER\src\windows.c(11): error C42: 'windows_start': not in formal parameter list
..\USER\src\windows.c(11): error C25: syntax error near '{'
..\USER\src\windows.c(80): error C7: compilation aborted
compiling adc.c...
F:\18届智能车\stc32资料\STC16F主板资料\V2.2版本资料\STC32G12K128_mother_board_example(2.5.2)\STC32G12K128_mother_board_example(2.5.2)\3-OLED Display Demo\USER\src\adc.c(1): warning C500: LICENSE ERROR (R207(3): REGISTRY READ ERROR)
..\USER\inc\adc.h(1): error C318: can't open file 'headfile.h'
F:\18届智能车\stc32资料\STC16F主板资料\V2.2版本资料\STC32G12K128_mother_board_example(2.5.2)\STC32G12K128_mother_board_example(2.5.2)\3-OLED Display Demo\USER\src\adc.c(3): warning C34: 'ad1_result': missing declaration specifiers
F:\18届智能车\stc32资料\STC16F主板资料\V2.2版本资料\STC32G12K128_mother_board_example(2.5.2)\STC32G12K128_mother_board_example(2.5.2)\3-OLED Display Demo\USER\src\adc.c(3): error C42: 'ad1_result': not in formal parameter list
F:\18届智能车\stc32资料\STC16F主板资料\V2.2版本资料\STC32G12K128_mother_board_example(2.5.2)\STC32G12K128_mother_board_example(2.5.2)\3-OLED Display Demo\USER\src\adc.c(3): warning C34: 'ad2_result': missing declaration specifiers
F:\18届智能车\stc32资料\STC16F主板资料\V2.2版本资料\STC32G12K128_mother_board_example(2.5.2)\STC32G12K128_mother_board_example(2.5.2)\3-OLED Display Demo\USER\src\adc.c(3): error C42: 'ad2_result': not in formal parameter list
F:\18届智能车\stc32资料\STC16F主板资料\V2.2版本资料\STC32G12K128_mother_board_example(2.5.2)\STC32G12K128_mother_board_example(2.5.2)\3-OLED Display Demo\USER\src\adc.c(4): warning C34: 'uint32': missing declaration specifiers
F:\18届智能车\stc32资料\STC16F主板资料\V2.2版本资料\STC32G12K128_mother_board_example(2.5.2)\STC32G12K128_mother_board_example(2.5.2)\3-OLED Display Demo\USER\src\adc.c(4): error C42: 'uint32': not in formal parameter list
F:\18届智能车\stc32资料\STC16F主板资料\V2.2版本资料\STC32G12K128_mother_board_example(2.5.2)\STC32G12K128_mother_board_example(2.5.2)\3-OLED Display Demo\USER\src\adc.c(4): error C25: syntax error near 'temp1'
F:\18届智能车\stc32资料\STC16F主板资料\V2.2版本资料\STC32G12K128_mother_board_example(2.5.2)\STC32G12K128_mother_board_example(2.5.2)\3-OLED Display Demo\USER\src\adc.c(4): warning C34: 'temp1': missing declaration specifiers
F:\18届智能车\stc32资料\STC16F主板资料\V2.2版本资料\STC32G12K128_mother_board_example(2.5.2)\STC32G12K128_mother_board_example(2.5.2)\3-OLED Display Demo\USER\src\adc.c(4): error C42: 'temp1': not in formal parameter list
F:\18届智能车\stc32资料\STC16F主板资料\V2.2版本资料\STC32G12K128_mother_board_example(2.5.2)\STC32G12K128_mother_board_example(2.5.2)\3-OLED Display Demo\USER\src\adc.c(4): warning C34: 'temp2': missing declaration specifiers
F:\18届智能车\stc32资料\STC16F主板资料\V2.2版本资料\STC32G12K128_mother_board_example(2.5.2)\STC32G12K128_mother_board_example(2.5.2)\3-OLED Display Demo\USER\src\adc.c(4): error C42: 'temp2': not in formal parameter list
F:\18届智能车\stc32资料\STC16F主板资料\V2.2版本资料\STC32G12K128_mother_board_example(2.5.2)\STC32G12K128_mother_board_example(2.5.2)\3-OLED Display Demo\USER\src\adc.c(5): error C142: illegal initialization
F:\18届智能车\stc32资料\STC16F主板资料\V2.2版本资料\STC32G12K128_mother_board_example(2.5.2)\STC32G12K128_mother_board_example(2.5.2)\3-OLED Display Demo\USER\src\adc.c(5): error C142: illegal initialization
F:\18届智能车\stc32资料\STC16F主板资料\V2.2版本资料\STC32G12K128_mother_board_example(2.5.2)\STC32G12K128_mother_board_example(2.5.2)\3-OLED Display Demo\USER\src\adc.c(8): error C42: 'adc_detection': not in formal parameter list
F:\18届智能车\stc32资料\STC16F主板资料\V2.2版本资料\STC32G12K128_mother_board_example(2.5.2)\STC32G12K128_mother_board_example(2.5.2)\3-OLED Display Demo\USER\src\adc.c(8): error C25: syntax error near '{'
F:\18届智能车\stc32资料\STC16F主板资料\V2.2版本资料\STC32G12K128_mother_board_example(2.5.2)\STC32G12K128_mother_board_example(2.5.2)\3-OLED Display Demo\USER\src\adc.c(19): error C7: compilation aborted
compiling pwm.c...
F:\18届智能车\stc32资料\STC16F主板资料\V2.2版本资料\STC32G12K128_mother_board_example(2.5.2)\STC32G12K128_mother_board_example(2.5.2)\3-OLED Display Demo\USER\src\pwm.c(1): warning C500: LICENSE ERROR (R207(3): REGISTRY READ ERROR)
..\USER\inc\pwm.h(1): error C318: can't open file 'headfile.h'
F:\18届智能车\stc32资料\STC16F主板资料\V2.2版本资料\STC32G12K128_mother_board_example(2.5.2)\STC32G12K128_mother_board_example(2.5.2)\3-OLED Display Demo\USER\src\pwm.c(3): error C142: illegal initialization
F:\18届智能车\stc32资料\STC16F主板资料\V2.2版本资料\STC32G12K128_mother_board_example(2.5.2)\STC32G12K128_mother_board_example(2.5.2)\3-OLED Display Demo\USER\src\pwm.c(3): error C142: illegal initialization
F:\18届智能车\stc32资料\STC16F主板资料\V2.2版本资料\STC32G12K128_mother_board_example(2.5.2)\STC32G12K128_mother_board_example(2.5.2)\3-OLED Display Demo\USER\src\pwm.c(4): error C29: formal/parameter has illegal storage class
F:\18届智能车\stc32资料\STC16F主板资料\V2.2版本资料\STC32G12K128_mother_board_example(2.5.2)\STC32G12K128_mother_board_example(2.5.2)\3-OLED Display Demo\USER\src\pwm.c(4): error C33: 'uint8': invalid storage class
F:\18届智能车\stc32资料\STC16F主板资料\V2.2版本资料\STC32G12K128_mother_board_example(2.5.2)\STC32G12K128_mother_board_example(2.5.2)\3-OLED Display Demo\USER\src\pwm.c(4): error C25: syntax error near 'pwm_choose'
F:\18届智能车\stc32资料\STC16F主板资料\V2.2版本资料\STC32G12K128_mother_board_example(2.5.2)\STC32G12K128_mother_board_example(2.5.2)\3-OLED Display Demo\USER\src\pwm.c(4): error C33: 'pwm_choose': invalid storage class
F:\18届智能车\stc32资料\STC16F主板资料\V2.2版本资料\STC32G12K128_mother_board_example(2.5.2)\STC32G12K128_mother_board_example(2.5.2)\3-OLED Display Demo\USER\src\pwm.c(4): error C33: 'pwm_set_flag': invalid storage class
F:\18届智能车\stc32资料\STC16F主板资料\V2.2版本资料\STC32G12K128_mother_board_example(2.5.2)\STC32G12K128_mother_board_example(2.5.2)\3-OLED Display Demo\USER\src\pwm.c(4): error C33: 'key_push_a_time_flag': invalid storage class
F:\18届智能车\stc32资料\STC16F主板资料\V2.2版本资料\STC32G12K128_mother_board_example(2.5.2)\STC32G12K128_mother_board_example(2.5.2)\3-OLED Display Demo\USER\src\pwm.c(4): error C33: 'key_push_c_time_flag': invalid storage class
F:\18届智能车\stc32资料\STC16F主板资料\V2.2版本资料\STC32G12K128_mother_board_example(2.5.2)\STC32G12K128_mother_board_example(2.5.2)\3-OLED Display Demo\USER\src\pwm.c(5): error C29: formal/parameter has illegal storage class
F:\18届智能车\stc32资料\STC16F主板资料\V2.2版本资料\STC32G12K128_mother_board_example(2.5.2)\STC32G12K128_mother_board_example(2.5.2)\3-OLED Display Demo\USER\src\pwm.c(5): error C33: 'int32': invalid storage class
F:\18届智能车\stc32资料\STC16F主板资料\V2.2版本资料\STC32G12K128_mother_board_example(2.5.2)\STC32G12K128_mother_board_example(2.5.2)\3-OLED Display Demo\USER\src\pwm.c(5): error C25: syntax error near 'key_push'
F:\18届智能车\stc32资料\STC16F主板资料\V2.2版本资料\STC32G12K128_mother_board_example(2.5.2)\STC32G12K128_mother_board_example(2.5.2)\3-OLED Display Demo\USER\src\pwm.c(5): error C33: 'key_push': invalid storage class
F:\18届智能车\stc32资料\STC16F主板资料\V2.2版本资料\STC32G12K128_mother_board_example(2.5.2)\STC32G12K128_mother_board_example(2.5.2)\3-OLED Display Demo\USER\src\pwm.c(8): error C42: 'pwm_start': not in formal parameter list
F:\18届智能车\stc32资料\STC16F主板资料\V2.2版本资料\STC32G12K128_mother_board_example(2.5.2)\STC32G12K128_mother_board_example(2.5.2)\3-OLED Display Demo\USER\src\pwm.c(8): error C25: syntax error near '{'
F:\18届智能车\stc32资料\STC16F主板资料\V2.2版本资料\STC32G12K128_mother_board_example(2.5.2)\STC32G12K128_mother_board_example(2.5.2)\3-OLED Display Demo\USER\src\pwm.c(44): error C7: compilation aborted
Target not created.
Build Time Elapsed:  00:00:04
</pre>
</body>
</html>
